#
# There is insufficient memory for the Java Runtime Environment to continue.
# Native memory allocation (malloc) failed to allocate 1058576 bytes for Chunk::new
# Possible reasons:
#   The system is out of physical RAM or swap space
#   The process is running with CompressedOops enabled, and the Java Heap may be blocking the growth of the native heap
# Possible solutions:
#   Reduce memory load on the system
#   Increase physical memory or swap space
#   Check if swap backing store is full
#   Decrease Java heap size (-Xmx/-Xms)
#   Decrease number of Java threads
#   Decrease Java thread stack sizes (-Xss)
#   Set larger code cache with -XX:ReservedCodeCacheSize=
#   JVM is running with Unscaled Compressed Oops mode in which the Java heap is
#     placed in the first 4GB address space. The Java Heap base address is the
#     maximum limit for the native heap growth. Please use -XX:HeapBaseMinAddress
#     to set the Java Heap base and to place the Java Heap above 4GB virtual address.
# This output file may be truncated or incomplete.
#
#  Out of Memory Error (allocation.cpp:389), pid=14964, tid=0x0000000000002d80
#
# JRE version: OpenJDK Runtime Environment (8.0_302-b08) (build 1.8.0_302-b08)
# Java VM: OpenJDK 64-Bit Server VM (25.302-b08 mixed mode windows-amd64 compressed oops)
# Failed to write core dump. Minidumps are not enabled by default on client versions of Windows
#

---------------  T H R E A D  ---------------

Current thread (0x0000000016169000):  JavaThread "C2 CompilerThread2" daemon [_thread_in_native, id=11648, stack(0x0000000016c40000,0x0000000016d40000)]

Stack: [0x0000000016c40000,0x0000000016d40000]
[error occurred during error reporting (printing stack bounds), id 0xc0000005]

Native frames: (J=compiled Java code, j=interpreted, Vv=VM code, C=native code)


Current CompileTask:
C2:  12376 4227   !   4       java.util.jar.Attributes::read (380 bytes)


---------------  P R O C E S S  ---------------

Java Threads: ( => current thread )
  0x000000001c02b800 JavaThread "Memory manager" [_thread_blocked, id=5080, stack(0x0000000025a60000,0x0000000025b60000)]
  0x000000001c02d800 JavaThread "jar transforms Thread 92" [_thread_blocked, id=15528, stack(0x0000000025360000,0x0000000025460000)]
  0x000000001c028000 JavaThread "jar transforms Thread 91" [_thread_blocked, id=1624, stack(0x0000000025260000,0x0000000025360000)]
  0x000000001c02a000 JavaThread "jar transforms Thread 90" [_thread_blocked, id=10468, stack(0x0000000025160000,0x0000000025260000)]
  0x000000001cd5d800 JavaThread "jar transforms Thread 89" [_thread_blocked, id=13284, stack(0x0000000025060000,0x0000000025160000)]
  0x000000001cd5d000 JavaThread "jar transforms Thread 88" [_thread_blocked, id=10548, stack(0x0000000024f60000,0x0000000025060000)]
  0x000000001cd5a800 JavaThread "jar transforms Thread 87" [_thread_blocked, id=252, stack(0x0000000024e60000,0x0000000024f60000)]
  0x000000001cd5c000 JavaThread "jar transforms Thread 86" [_thread_blocked, id=15388, stack(0x0000000024d60000,0x0000000024e60000)]
  0x000000001cd59000 JavaThread "jar transforms Thread 85" [_thread_blocked, id=14812, stack(0x0000000024c60000,0x0000000024d60000)]
  0x000000001cd58000 JavaThread "jar transforms Thread 84" [_thread_blocked, id=4468, stack(0x0000000024b60000,0x0000000024c60000)]
  0x000000001cd5a000 JavaThread "jar transforms Thread 83" [_thread_blocked, id=12660, stack(0x0000000024a60000,0x0000000024b60000)]
  0x000000001cd5b800 JavaThread "jar transforms Thread 82" [_thread_blocked, id=8628, stack(0x0000000024960000,0x0000000024a60000)]
  0x000000001cd57800 JavaThread "jar transforms Thread 81" [_thread_blocked, id=12128, stack(0x0000000024860000,0x0000000024960000)]
  0x000000001cd4f800 JavaThread "jar transforms Thread 80" [_thread_blocked, id=12296, stack(0x0000000024760000,0x0000000024860000)]
  0x000000001cd56800 JavaThread "jar transforms Thread 79" [_thread_blocked, id=3496, stack(0x0000000024660000,0x0000000024760000)]
  0x000000001cd4f000 JavaThread "jar transforms Thread 78" [_thread_blocked, id=7344, stack(0x0000000024560000,0x0000000024660000)]
  0x000000001cd52800 JavaThread "jar transforms Thread 77" [_thread_blocked, id=12496, stack(0x0000000024460000,0x0000000024560000)]
  0x000000001cd54800 JavaThread "jar transforms Thread 76" [_thread_blocked, id=13144, stack(0x0000000022c00000,0x0000000022d00000)]
  0x000000001cd53800 JavaThread "jar transforms Thread 75" [_thread_blocked, id=16124, stack(0x0000000024360000,0x0000000024460000)]
  0x000000001cd55000 JavaThread "jar transforms Thread 74" [_thread_blocked, id=6084, stack(0x0000000024260000,0x0000000024360000)]
  0x000000001cd50800 JavaThread "jar transforms Thread 73" [_thread_blocked, id=9048, stack(0x0000000024160000,0x0000000024260000)]
  0x000000001cd52000 JavaThread "jar transforms Thread 72" [_thread_blocked, id=15140, stack(0x0000000024060000,0x0000000024160000)]
  0x000000001cd56000 JavaThread "jar transforms Thread 71" [_thread_blocked, id=16344, stack(0x0000000023f60000,0x0000000024060000)]
  0x000000001cd51000 JavaThread "jar transforms Thread 70" [_thread_blocked, id=14712, stack(0x0000000023e60000,0x0000000023f60000)]
  0x000000001c9df000 JavaThread "jar transforms Thread 69" [_thread_blocked, id=6712, stack(0x0000000023d60000,0x0000000023e60000)]
  0x000000001c9de000 JavaThread "jar transforms Thread 68" [_thread_blocked, id=4268, stack(0x0000000023c60000,0x0000000023d60000)]
  0x000000001c9dd000 JavaThread "jar transforms Thread 67" [_thread_blocked, id=13068, stack(0x0000000023a60000,0x0000000023b60000)]
  0x000000001c9e1000 JavaThread "jar transforms Thread 66" [_thread_blocked, id=7848, stack(0x0000000023960000,0x0000000023a60000)]
  0x000000001c9dc800 JavaThread "jar transforms Thread 65" [_thread_blocked, id=7768, stack(0x0000000023860000,0x0000000023960000)]
  0x000000001c9df800 JavaThread "jar transforms Thread 64" [_thread_blocked, id=14344, stack(0x0000000023760000,0x0000000023860000)]
  0x000000001c9e0800 JavaThread "jar transforms Thread 63" [_thread_blocked, id=9832, stack(0x0000000023660000,0x0000000023760000)]
  0x000000001c9d4800 JavaThread "jar transforms Thread 62" [_thread_blocked, id=6788, stack(0x0000000023560000,0x0000000023660000)]
  0x000000001c9db800 JavaThread "jar transforms Thread 61" [_thread_blocked, id=10564, stack(0x0000000023460000,0x0000000023560000)]
  0x000000001c9da000 JavaThread "jar transforms Thread 60" [_thread_blocked, id=6008, stack(0x0000000023360000,0x0000000023460000)]
  0x000000001c9d9800 JavaThread "jar transforms Thread 59" [_thread_blocked, id=11692, stack(0x0000000023260000,0x0000000023360000)]
  0x000000001c9db000 JavaThread "jar transforms Thread 58" [_thread_blocked, id=1604, stack(0x0000000023160000,0x0000000023260000)]
  0x000000001c9d8800 JavaThread "jar transforms Thread 57" [_thread_blocked, id=10016, stack(0x0000000023060000,0x0000000023160000)]
  0x000000001c9d5800 JavaThread "jar transforms Thread 56" [_thread_blocked, id=7016, stack(0x0000000022f60000,0x0000000023060000)]
  0x000000001c9d2000 JavaThread "jar transforms Thread 55" [_thread_blocked, id=9164, stack(0x0000000022e60000,0x0000000022f60000)]
  0x000000001c9d7800 JavaThread "jar transforms Thread 54" [_thread_blocked, id=13812, stack(0x0000000022d60000,0x0000000022e60000)]
  0x000000001c9d7000 JavaThread "jar transforms Thread 53" [_thread_blocked, id=15816, stack(0x00000000210b0000,0x00000000211b0000)]
  0x000000001c9d6000 JavaThread "jar transforms Thread 52" [_thread_blocked, id=12240, stack(0x0000000022b00000,0x0000000022c00000)]
  0x000000001c9d4000 JavaThread "jar transforms Thread 51" [_thread_blocked, id=8128, stack(0x0000000022a00000,0x0000000022b00000)]
  0x000000001c9d3000 JavaThread "jar transforms Thread 50" [_thread_blocked, id=13040, stack(0x0000000022900000,0x0000000022a00000)]
  0x000000001d448000 JavaThread "jar transforms Thread 49" [_thread_blocked, id=7116, stack(0x0000000022800000,0x0000000022900000)]
  0x000000001d447000 JavaThread "jar transforms Thread 48" [_thread_blocked, id=11180, stack(0x0000000022700000,0x0000000022800000)]
  0x000000001d449000 JavaThread "jar transforms Thread 47" [_thread_blocked, id=2424, stack(0x0000000022600000,0x0000000022700000)]
  0x000000001d43f800 JavaThread "jar transforms Thread 46" [_thread_blocked, id=12500, stack(0x0000000022500000,0x0000000022600000)]
  0x000000001d446800 JavaThread "jar transforms Thread 45" [_thread_blocked, id=620, stack(0x0000000022400000,0x0000000022500000)]
  0x000000001d43e800 JavaThread "jar transforms Thread 44" [_thread_blocked, id=11588, stack(0x0000000022300000,0x0000000022400000)]
  0x000000001d445800 JavaThread "jar transforms Thread 43" [_thread_blocked, id=11680, stack(0x0000000022200000,0x0000000022300000)]
  0x000000001d445000 JavaThread "jar transforms Thread 42" [_thread_blocked, id=11068, stack(0x0000000022100000,0x0000000022200000)]
  0x000000001d43e000 JavaThread "jar transforms Thread 41" [_thread_blocked, id=10328, stack(0x0000000022000000,0x0000000022100000)]
  0x000000001d443800 JavaThread "jar transforms Thread 40" [_thread_blocked, id=1744, stack(0x0000000021f00000,0x0000000022000000)]
  0x000000001d442800 JavaThread "jar transforms Thread 39" [_thread_blocked, id=6944, stack(0x0000000021e00000,0x0000000021f00000)]
  0x000000001d444000 JavaThread "jar transforms Thread 38" [_thread_blocked, id=8852, stack(0x0000000021d00000,0x0000000021e00000)]
  0x000000001d441800 JavaThread "jar transforms Thread 37" [_thread_blocked, id=15968, stack(0x0000000021c00000,0x0000000021d00000)]
  0x000000001d43c000 JavaThread "jar transforms Thread 36" [_thread_blocked, id=12276, stack(0x0000000021b00000,0x0000000021c00000)]
  0x000000001d440000 JavaThread "jar transforms Thread 35" [_thread_blocked, id=15824, stack(0x0000000021a00000,0x0000000021b00000)]
  0x000000001d43a000 JavaThread "jar transforms Thread 34" [_thread_blocked, id=15348, stack(0x0000000021900000,0x0000000021a00000)]
  0x000000001d43b800 JavaThread "jar transforms Thread 33" [_thread_blocked, id=14128, stack(0x0000000021800000,0x0000000021900000)]
  0x000000001d43a800 JavaThread "jar transforms Thread 32" [_thread_blocked, id=2652, stack(0x0000000021700000,0x0000000021800000)]
  0x000000001d43d000 JavaThread "jar transforms Thread 31" [_thread_blocked, id=12232, stack(0x0000000021600000,0x0000000021700000)]
  0x000000001d441000 JavaThread "jar transforms Thread 30" [_thread_blocked, id=12916, stack(0x0000000021500000,0x0000000021600000)]
  0x000000001cb0d800 JavaThread "jar transforms Thread 29" [_thread_blocked, id=3760, stack(0x0000000021400000,0x0000000021500000)]
  0x000000001cb0d000 JavaThread "jar transforms Thread 28" [_thread_blocked, id=7944, stack(0x0000000021300000,0x0000000021400000)]
  0x000000001cb0c000 JavaThread "jar transforms Thread 27" [_thread_blocked, id=15932, stack(0x0000000021200000,0x0000000021300000)]
  0x000000001cb0a800 JavaThread "jar transforms Thread 26" [_thread_blocked, id=15004, stack(0x000000001f890000,0x000000001f990000)]
  0x000000001cb09800 JavaThread "jar transforms Thread 25" [_thread_blocked, id=8872, stack(0x0000000020fb0000,0x00000000210b0000)]
  0x000000001cb0b000 JavaThread "jar transforms Thread 24" [_thread_blocked, id=12932, stack(0x0000000020eb0000,0x0000000020fb0000)]
  0x000000001cb09000 JavaThread "jar transforms Thread 23" [_thread_blocked, id=10148, stack(0x0000000020db0000,0x0000000020eb0000)]
  0x000000001cb08000 JavaThread "jar transforms Thread 22" [_thread_blocked, id=12020, stack(0x0000000020cb0000,0x0000000020db0000)]
  0x000000001cb00000 JavaThread "jar transforms Thread 21" [_thread_blocked, id=13216, stack(0x0000000020bb0000,0x0000000020cb0000)]
  0x000000001cb07800 JavaThread "jar transforms Thread 20" [_thread_blocked, id=2736, stack(0x0000000020ab0000,0x0000000020bb0000)]
  0x000000001cb03800 JavaThread "jar transforms Thread 19" [_thread_blocked, id=4296, stack(0x00000000209b0000,0x0000000020ab0000)]
  0x000000001caff800 JavaThread "jar transforms Thread 18" [_thread_blocked, id=9108, stack(0x00000000208b0000,0x00000000209b0000)]
  0x000000001cb02000 JavaThread "jar transforms Thread 17" [_thread_blocked, id=9312, stack(0x00000000207b0000,0x00000000208b0000)]
  0x000000001cb06800 JavaThread "jar transforms Thread 16" [_thread_blocked, id=14468, stack(0x00000000206b0000,0x00000000207b0000)]
  0x000000001cafe800 JavaThread "jar transforms Thread 15" [_thread_blocked, id=13344, stack(0x00000000205b0000,0x00000000206b0000)]
  0x000000001cb05800 JavaThread "jar transforms Thread 14" [_thread_blocked, id=8944, stack(0x00000000204b0000,0x00000000205b0000)]
  0x000000001cb01000 JavaThread "jar transforms Thread 13" [_thread_blocked, id=3748, stack(0x00000000203b0000,0x00000000204b0000)]
  0x000000001cb04000 JavaThread "jar transforms Thread 12" [_thread_blocked, id=7552, stack(0x00000000202b0000,0x00000000203b0000)]
  0x000000001cb02800 JavaThread "jar transforms Thread 11" [_thread_blocked, id=12384, stack(0x00000000201b0000,0x00000000202b0000)]
  0x000000001cb05000 JavaThread "jar transforms Thread 10" [_thread_blocked, id=3940, stack(0x00000000200b0000,0x00000000201b0000)]
  0x000000001c99e800 JavaThread "jar transforms Thread 9" [_thread_blocked, id=8640, stack(0x000000001ffb0000,0x00000000200b0000)]
  0x000000001c9a5800 JavaThread "jar transforms Thread 8" [_thread_blocked, id=4712, stack(0x000000001feb0000,0x000000001ffb0000)]
  0x000000001c9a5000 JavaThread "jar transforms Thread 7" [_thread_blocked, id=7952, stack(0x000000001fdb0000,0x000000001feb0000)]
  0x000000001c9a4000 JavaThread "jar transforms Thread 6" [_thread_blocked, id=10320, stack(0x000000001fcb0000,0x000000001fdb0000)]
  0x000000001c99f800 JavaThread "jar transforms Thread 5" [_thread_blocked, id=4352, stack(0x000000001fbb0000,0x000000001fcb0000)]
  0x000000001c99c800 JavaThread "jar transforms Thread 4" [_thread_blocked, id=9564, stack(0x000000001fab0000,0x000000001fbb0000)]
  0x000000001c9a3800 JavaThread "jar transforms Thread 3" [_thread_blocked, id=7612, stack(0x000000001f9b0000,0x000000001fab0000)]
  0x000000001c9a2800 JavaThread "jar transforms Thread 2" [_thread_blocked, id=13972, stack(0x000000001f790000,0x000000001f890000)]
  0x000000001c9a2000 JavaThread "Build operations Thread 8" [_thread_blocked, id=14184, stack(0x000000001f690000,0x000000001f790000)]
  0x000000001c9a1000 JavaThread "Build operations Thread 7" [_thread_blocked, id=452, stack(0x000000001f590000,0x000000001f690000)]
  0x000000001c9a0800 JavaThread "Build operations Thread 6" [_thread_blocked, id=3544, stack(0x000000001f490000,0x000000001f590000)]
  0x000000001c997000 JavaThread "Build operations Thread 5" [_thread_blocked, id=12644, stack(0x000000001f390000,0x000000001f490000)]
  0x000000001c998800 JavaThread "Build operations Thread 4" [_thread_blocked, id=8400, stack(0x000000001f290000,0x000000001f390000)]
  0x000000001c997800 JavaThread "Build operations Thread 3" [_thread_blocked, id=4672, stack(0x000000001f190000,0x000000001f290000)]
  0x000000001c99d000 JavaThread "Build operations Thread 2" [_thread_blocked, id=13516, stack(0x000000001f090000,0x000000001f190000)]
  0x000000001c99b800 JavaThread "Build operations" [_thread_blocked, id=16276, stack(0x000000001ef90000,0x000000001f090000)]
  0x000000001c999000 JavaThread "Cache worker for Build Output Cleanup Cache (D:\ReactNative\01Counter\android\.gradle\buildOutputCleanup)" [_thread_blocked, id=1620, stack(0x000000001ec90000,0x000000001ed90000)]
  0x00000000192cf000 JavaThread "Cache worker for file content cache (C:\Users\mauro\.gradle\caches\6.7\fileContent)" [_thread_blocked, id=10248, stack(0x000000001e590000,0x000000001e690000)]
  0x00000000192ce800 JavaThread "jar transforms" [_thread_blocked, id=2120, stack(0x000000001e490000,0x000000001e590000)]
  0x00000000192d1800 JavaThread "Cache worker for execution history cache (C:\Users\mauro\.gradle\caches\6.7\executionHistory)" [_thread_blocked, id=8292, stack(0x000000001dd90000,0x000000001de90000)]
  0x00000000192cd000 JavaThread "Cache worker for cache directory md-rule (C:\Users\mauro\.gradle\caches\6.7\md-rule)" [_thread_blocked, id=15780, stack(0x000000001d7d0000,0x000000001d8d0000)]
  0x00000000192d2800 JavaThread "Cache worker for cache directory md-supplier (C:\Users\mauro\.gradle\caches\6.7\md-supplier)" [_thread_blocked, id=16000, stack(0x000000001c460000,0x000000001c560000)]
  0x00000000192cd800 JavaThread "Cache worker for checksums cache (D:\ReactNative\01Counter\android\.gradle\checksums)" [_thread_blocked, id=5892, stack(0x000000001c360000,0x000000001c460000)]
  0x00000000192cc000 JavaThread "Cache worker for file hash cache (D:\ReactNative\01Counter\android\.gradle\6.7\fileHashes)" [_thread_blocked, id=9748, stack(0x000000001c260000,0x000000001c360000)]
  0x00000000192d0000 JavaThread "Cache worker for journal cache (C:\Users\mauro\.gradle\caches\journal-1)" [_thread_blocked, id=7048, stack(0x000000001b190000,0x000000001b290000)]
  0x0000000018d99000 JavaThread "File lock request listener" [_thread_in_native, id=1524, stack(0x000000001b090000,0x000000001b190000)]
  0x000000001627b800 JavaThread "Cache worker for file hash cache (C:\Users\mauro\.gradle\caches\6.7\fileHashes)" [_thread_blocked, id=13096, stack(0x000000001af90000,0x000000001b090000)]
  0x0000000018da0800 JavaThread "Thread-9" [_thread_blocked, id=10760, stack(0x000000001ac90000,0x000000001ad90000)]
  0x000000001862f800 JavaThread "Stdin handler" [_thread_blocked, id=14396, stack(0x000000001ab90000,0x000000001ac90000)]
  0x000000001862e800 JavaThread "Asynchronous log dispatcher for DefaultDaemonConnection: socket connection from /127.0.0.1:58985 to /127.0.0.1:58986" [_thread_blocked, id=7740, stack(0x000000001aa90000,0x000000001ab90000)]
  0x0000000018629000 JavaThread "Daemon worker" [_thread_in_Java, id=9244, stack(0x000000001a990000,0x000000001aa90000)]
  0x0000000018628800 JavaThread "Cancel handler" [_thread_blocked, id=14704, stack(0x000000001a790000,0x000000001a890000)]
  0x0000000018c89800 JavaThread "Handler for socket connection from /127.0.0.1:58985 to /127.0.0.1:58986" [_thread_in_native, id=15380, stack(0x000000001a690000,0x000000001a790000)]
  0x0000000018ca9800 JavaThread "Daemon" [_thread_blocked, id=12568, stack(0x000000001a390000,0x000000001a490000)]
  0x0000000018c84000 JavaThread "Daemon periodic checks" [_thread_blocked, id=6868, stack(0x000000001a290000,0x000000001a390000)]
  0x0000000018c7a000 JavaThread "Incoming local TCP Connector on port 58985" [_thread_in_native, id=15112, stack(0x000000001a020000,0x000000001a120000)]
  0x0000000018355800 JavaThread "Daemon health stats" [_thread_blocked, id=1684, stack(0x00000000199e0000,0x0000000019ae0000)]
  0x00000000161f6000 JavaThread "Service Thread" daemon [_thread_blocked, id=15312, stack(0x0000000016e40000,0x0000000016f40000)]
  0x000000001616f000 JavaThread "C1 CompilerThread3" daemon [_thread_blocked, id=2900, stack(0x0000000016d40000,0x0000000016e40000)]
=>0x0000000016169000 JavaThread "C2 CompilerThread2" daemon [_thread_in_native, id=11648, stack(0x0000000016c40000,0x0000000016d40000)]
  0x0000000016167000 JavaThread "C2 CompilerThread1" daemon [_thread_blocked, id=13504, stack(0x0000000016b40000,0x0000000016c40000)]
  0x000000001616c000 JavaThread "C2 CompilerThread0" daemon [_thread_in_native, id=15180, stack(0x0000000016a40000,0x0000000016b40000)]
  0x0000000016161000 JavaThread "Attach Listener" daemon [_thread_blocked, id=3792, stack(0x0000000016940000,0x0000000016a40000)]
  0x000000001615e000 JavaThread "Signal Dispatcher" daemon [_thread_blocked, id=11540, stack(0x0000000016840000,0x0000000016940000)]
  0x0000000016141000 JavaThread "Finalizer" daemon [_thread_blocked, id=12492, stack(0x0000000016620000,0x0000000016720000)]
  0x0000000016140800 JavaThread "Reference Handler" daemon [_thread_blocked, id=12904, stack(0x0000000016520000,0x0000000016620000)]
  0x00000000029d3800 JavaThread "main" [_thread_blocked, id=7128, stack(0x0000000002850000,0x0000000002950000)]

Other Threads:
  0x0000000014336800 VMThread [stack: 0x0000000016020000,0x0000000016120000] [id=11992]
  0x00000000161f7800 WatcherThread [stack: 0x0000000016f40000,0x0000000017040000] [id=12576]

VM state:not at safepoint (normal execution)

VM Mutex/Monitor currently owned by a thread: None

heap address: 0x00000000e0000000, size: 512 MB, Compressed Oops mode: 32-bit
Narrow klass base: 0x0000000000000000, Narrow klass shift: 3
Compressed class space size: 1073741824 Address: 0x0000000100000000

Heap:
 PSYoungGen      total 128512K, used 108508K [0x00000000f5580000, 0x00000000fe500000, 0x0000000100000000)
  eden space 122368K, 84% used [0x00000000f5580000,0x00000000fba7ec20,0x00000000fcd00000)
  from space 6144K, 82% used [0x00000000fdf00000,0x00000000fe3f8588,0x00000000fe500000)
  to   space 12288K, 0% used [0x00000000fcd00000,0x00000000fcd00000,0x00000000fd900000)
 ParOldGen       total 182272K, used 15833K [0x00000000e0000000, 0x00000000eb200000, 0x00000000f5580000)
  object space 182272K, 8% used [0x00000000e0000000,0x00000000e0f76570,0x00000000eb200000)
 Metaspace       used 46657K, capacity 48722K, committed 49024K, reserved 1091584K
  class space    used 6468K, capacity 6939K, committed 7040K, reserved 1048576K

Card table byte_map: [0x0000000011e90000,0x0000000011fa0000] byte_map_base: 0x0000000011790000

Marking Bits: (ParMarkBitMap*) 0x000000005aa31440
 Begin Bits: [0x0000000012850000, 0x0000000013050000)
 End Bits:   [0x0000000013050000, 0x0000000013850000)

Polling page: 0x0000000000c60000

CodeCache: size=245760Kb used=13106Kb max_used=13117Kb free=232653Kb
 bounds [0x0000000002ad0000, 0x00000000037b0000, 0x0000000011ad0000]
 total_blobs=4618 nmethods=3859 adapters=670
 compilation: enabled

Compilation events (10 events):
Event: 12.355 Thread 0x000000001616f000 4290       3       org.gradle.internal.ImmutableActionSet::empty (10 bytes)
Event: 12.356 Thread 0x000000001616f000 nmethod 4290 0x000000000379a5d0 code [0x000000000379a720, 0x000000000379a8b0]
Event: 12.356 Thread 0x000000001616f000 4289       3       org.gradle.internal.operations.BuildOperationState::setRunning (9 bytes)
Event: 12.356 Thread 0x000000001616f000 nmethod 4289 0x000000000379a950 code [0x000000000379aac0, 0x000000000379ad50]
Event: 12.356 Thread 0x000000001616f000 4291       1       org.gradle.configuration.internal.DefaultUserCodeApplicationContext::access$000 (5 bytes)
Event: 12.356 Thread 0x000000001616f000 nmethod 4291 0x000000000379ae50 code [0x000000000379afa0, 0x000000000379b090]
Event: 12.357 Thread 0x000000001616f000 4292       3       java.lang.ClassLoader::compareCerts (149 bytes)
Event: 12.358 Thread 0x000000001616f000 nmethod 4292 0x000000000379b110 code [0x000000000379b2e0, 0x000000000379bb78]
Event: 12.358 Thread 0x000000001616f000 4293       1       org.gradle.api.internal.collections.DefaultCollectionEventRegister::getAddActions (5 bytes)
Event: 12.358 Thread 0x000000001616f000 nmethod 4293 0x000000000379be50 code [0x000000000379bfa0, 0x000000000379c0b0]

GC Heap History (10 events):
Event: 5.774 GC heap before
{Heap before GC invocations=6 (full 1):
 PSYoungGen      total 76288K, used 65536K [0x00000000f5580000, 0x00000000faa80000, 0x0000000100000000)
  eden space 65536K, 100% used [0x00000000f5580000,0x00000000f9580000,0x00000000f9580000)
  from space 10752K, 0% used [0x00000000fa000000,0x00000000fa000000,0x00000000faa80000)
  to   space 10752K, 0% used [0x00000000f9580000,0x00000000f9580000,0x00000000fa000000)
 ParOldGen       total 175104K, used 8114K [0x00000000e0000000, 0x00000000eab00000, 0x00000000f5580000)
  object space 175104K, 4% used [0x00000000e0000000,0x00000000e07ec898,0x00000000eab00000)
 Metaspace       used 28499K, capacity 29408K, committed 29696K, reserved 1075200K
  class space    used 4099K, capacity 4286K, committed 4352K, reserved 1048576K
Event: 5.779 GC heap after
Heap after GC invocations=6 (full 1):
 PSYoungGen      total 76288K, used 8332K [0x00000000f5580000, 0x00000000fc480000, 0x0000000100000000)
  eden space 65536K, 0% used [0x00000000f5580000,0x00000000f5580000,0x00000000f9580000)
  from space 10752K, 77% used [0x00000000f9580000,0x00000000f9da32f8,0x00000000fa000000)
  to   space 11776K, 0% used [0x00000000fb900000,0x00000000fb900000,0x00000000fc480000)
 ParOldGen       total 175104K, used 8122K [0x00000000e0000000, 0x00000000eab00000, 0x00000000f5580000)
  object space 175104K, 4% used [0x00000000e0000000,0x00000000e07ee898,0x00000000eab00000)
 Metaspace       used 28499K, capacity 29408K, committed 29696K, reserved 1075200K
  class space    used 4099K, capacity 4286K, committed 4352K, reserved 1048576K
}
Event: 8.576 GC heap before
{Heap before GC invocations=7 (full 1):
 PSYoungGen      total 76288K, used 73868K [0x00000000f5580000, 0x00000000fc480000, 0x0000000100000000)
  eden space 65536K, 100% used [0x00000000f5580000,0x00000000f9580000,0x00000000f9580000)
  from space 10752K, 77% used [0x00000000f9580000,0x00000000f9da32f8,0x00000000fa000000)
  to   space 11776K, 0% used [0x00000000fb900000,0x00000000fb900000,0x00000000fc480000)
 ParOldGen       total 175104K, used 8122K [0x00000000e0000000, 0x00000000eab00000, 0x00000000f5580000)
  object space 175104K, 4% used [0x00000000e0000000,0x00000000e07ee898,0x00000000eab00000)
 Metaspace       used 32746K, capacity 33770K, committed 33920K, reserved 1079296K
  class space    used 4634K, capacity 4888K, committed 4992K, reserved 1048576K
Event: 8.588 GC heap after
Heap after GC invocations=7 (full 1):
 PSYoungGen      total 97792K, used 9664K [0x00000000f5580000, 0x00000000fc280000, 0x0000000100000000)
  eden space 88064K, 0% used [0x00000000f5580000,0x00000000f5580000,0x00000000fab80000)
  from space 9728K, 99% used [0x00000000fb900000,0x00000000fc2702d0,0x00000000fc280000)
  to   space 11776K, 0% used [0x00000000fab80000,0x00000000fab80000,0x00000000fb700000)
 ParOldGen       total 175104K, used 8130K [0x00000000e0000000, 0x00000000eab00000, 0x00000000f5580000)
  object space 175104K, 4% used [0x00000000e0000000,0x00000000e07f0898,0x00000000eab00000)
 Metaspace       used 32746K, capacity 33770K, committed 33920K, reserved 1079296K
  class space    used 4634K, capacity 4888K, committed 4992K, reserved 1048576K
}
Event: 9.035 GC heap before
{Heap before GC invocations=8 (full 1):
 PSYoungGen      total 97792K, used 42841K [0x00000000f5580000, 0x00000000fc280000, 0x0000000100000000)
  eden space 88064K, 37% used [0x00000000f5580000,0x00000000f75e6490,0x00000000fab80000)
  from space 9728K, 99% used [0x00000000fb900000,0x00000000fc2702d0,0x00000000fc280000)
  to   space 11776K, 0% used [0x00000000fab80000,0x00000000fab80000,0x00000000fb700000)
 ParOldGen       total 175104K, used 8130K [0x00000000e0000000, 0x00000000eab00000, 0x00000000f5580000)
  object space 175104K, 4% used [0x00000000e0000000,0x00000000e07f0898,0x00000000eab00000)
 Metaspace       used 34288K, capacity 35466K, committed 35496K, reserved 1079296K
  class space    used 4797K, capacity 5105K, committed 5120K, reserved 1048576K
Event: 9.047 GC heap after
Heap after GC invocations=8 (full 1):
 PSYoungGen      total 99840K, used 9118K [0x00000000f5580000, 0x00000000fea80000, 0x0000000100000000)
  eden space 88064K, 0% used [0x00000000f5580000,0x00000000f5580000,0x00000000fab80000)
  from space 11776K, 77% used [0x00000000fab80000,0x00000000fb467868,0x00000000fb700000)
  to   space 11776K, 0% used [0x00000000fdf00000,0x00000000fdf00000,0x00000000fea80000)
 ParOldGen       total 175104K, used 8138K [0x00000000e0000000, 0x00000000eab00000, 0x00000000f5580000)
  object space 175104K, 4% used [0x00000000e0000000,0x00000000e07f2898,0x00000000eab00000)
 Metaspace       used 34288K, capacity 35466K, committed 35496K, reserved 1079296K
  class space    used 4797K, capacity 5105K, committed 5120K, reserved 1048576K
}
Event: 9.047 GC heap before
{Heap before GC invocations=9 (full 2):
 PSYoungGen      total 99840K, used 9118K [0x00000000f5580000, 0x00000000fea80000, 0x0000000100000000)
  eden space 88064K, 0% used [0x00000000f5580000,0x00000000f5580000,0x00000000fab80000)
  from space 11776K, 77% used [0x00000000fab80000,0x00000000fb467868,0x00000000fb700000)
  to   space 11776K, 0% used [0x00000000fdf00000,0x00000000fdf00000,0x00000000fea80000)
 ParOldGen       total 175104K, used 8138K [0x00000000e0000000, 0x00000000eab00000, 0x00000000f5580000)
  object space 175104K, 4% used [0x00000000e0000000,0x00000000e07f2898,0x00000000eab00000)
 Metaspace       used 34288K, capacity 35466K, committed 35496K, reserved 1079296K
  class space    used 4797K, capacity 5105K, committed 5120K, reserved 1048576K
Event: 9.132 GC heap after
Heap after GC invocations=9 (full 2):
 PSYoungGen      total 99840K, used 0K [0x00000000f5580000, 0x00000000fea80000, 0x0000000100000000)
  eden space 88064K, 0% used [0x00000000f5580000,0x00000000f5580000,0x00000000fab80000)
  from space 11776K, 0% used [0x00000000fab80000,0x00000000fab80000,0x00000000fb700000)
  to   space 11776K, 0% used [0x00000000fdf00000,0x00000000fdf00000,0x00000000fea80000)
 ParOldGen       total 182272K, used 15825K [0x00000000e0000000, 0x00000000eb200000, 0x00000000f5580000)
  object space 182272K, 8% used [0x00000000e0000000,0x00000000e0f74570,0x00000000eb200000)
 Metaspace       used 34288K, capacity 35466K, committed 35496K, reserved 1079296K
  class space    used 4797K, capacity 5105K, committed 5120K, reserved 1048576K
}
Event: 10.307 GC heap before
{Heap before GC invocations=10 (full 2):
 PSYoungGen      total 99840K, used 88064K [0x00000000f5580000, 0x00000000fea80000, 0x0000000100000000)
  eden space 88064K, 100% used [0x00000000f5580000,0x00000000fab80000,0x00000000fab80000)
  from space 11776K, 0% used [0x00000000fab80000,0x00000000fab80000,0x00000000fb700000)
  to   space 11776K, 0% used [0x00000000fdf00000,0x00000000fdf00000,0x00000000fea80000)
 ParOldGen       total 182272K, used 15825K [0x00000000e0000000, 0x00000000eb200000, 0x00000000f5580000)
  object space 182272K, 8% used [0x00000000e0000000,0x00000000e0f74570,0x00000000eb200000)
 Metaspace       used 37473K, capacity 39220K, committed 39424K, reserved 1083392K
  class space    used 5260K, capacity 5620K, committed 5632K, reserved 1048576K
Event: 10.315 GC heap after
Heap after GC invocations=10 (full 2):
 PSYoungGen      total 128512K, used 5089K [0x00000000f5580000, 0x00000000fe500000, 0x0000000100000000)
  eden space 122368K, 0% used [0x00000000f5580000,0x00000000f5580000,0x00000000fcd00000)
  from space 6144K, 82% used [0x00000000fdf00000,0x00000000fe3f8588,0x00000000fe500000)
  to   space 12288K, 0% used [0x00000000fcd00000,0x00000000fcd00000,0x00000000fd900000)
 ParOldGen       total 182272K, used 15833K [0x00000000e0000000, 0x00000000eb200000, 0x00000000f5580000)
  object space 182272K, 8% used [0x00000000e0000000,0x00000000e0f76570,0x00000000eb200000)
 Metaspace       used 37473K, capacity 39220K, committed 39424K, reserved 1083392K
  class space    used 5260K, capacity 5620K, committed 5632K, reserved 1048576K
}

Deoptimization events (10 events):
Event: 12.091 Thread 0x0000000018629000 Uncommon trap: reason=array_check action=maybe_recompile pc=0x000000000310a29c method=java.util.AbstractCollection.toArray([Ljava/lang/Object;)[Ljava/lang/Object; @ 119
Event: 12.107 Thread 0x0000000018629000 Uncommon trap: reason=unstable_if action=reinterpret pc=0x000000000371c440 method=java.util.jar.JarFile.maybeInstantiateVerifier()V @ 48
Event: 12.116 Thread 0x0000000018629000 Uncommon trap: reason=unstable_if action=reinterpret pc=0x0000000002d7b648 method=java.lang.ThreadLocal.get()Ljava/lang/Object; @ 11
Event: 12.185 Thread 0x0000000018629000 Uncommon trap: reason=array_check action=maybe_recompile pc=0x000000000310a29c method=java.util.AbstractCollection.toArray([Ljava/lang/Object;)[Ljava/lang/Object; @ 119
Event: 12.185 Thread 0x0000000018629000 Uncommon trap: reason=unstable_if action=reinterpret pc=0x0000000002fd9728 method=java.lang.String.regionMatches(ZILjava/lang/String;II)Z @ 41
Event: 12.185 Thread 0x0000000018629000 Uncommon trap: reason=array_check action=maybe_recompile pc=0x000000000310a29c method=java.util.AbstractCollection.toArray([Ljava/lang/Object;)[Ljava/lang/Object; @ 119
Event: 12.191 Thread 0x0000000018629000 Uncommon trap: reason=array_check action=maybe_recompile pc=0x000000000310a29c method=java.util.AbstractCollection.toArray([Ljava/lang/Object;)[Ljava/lang/Object; @ 119
Event: 12.198 Thread 0x0000000018629000 Uncommon trap: reason=unstable_if action=reinterpret pc=0x00000000036dfa58 method=java.util.HashMap.putVal(ILjava/lang/Object;Ljava/lang/Object;ZZ)Ljava/lang/Object; @ 236
Event: 12.204 Thread 0x0000000018629000 Uncommon trap: reason=unstable_if action=reinterpret pc=0x0000000002ff3dbc method=java.util.jar.JarFile.maybeInstantiateVerifier()V @ 48
Event: 12.226 Thread 0x0000000018629000 Uncommon trap: reason=unstable_if action=reinterpret pc=0x0000000002e66cbc method=java.util.LinkedHashMap.get(Ljava/lang/Object;)Ljava/lang/Object; @ 20

Classes redefined (0 events):
No events

Internal exceptions (10 events):
Event: 10.806 Thread 0x0000000018629000 Exception <a 'java/lang/ClassNotFoundException': org/gradle/api/internal/artifacts/repositories/AbstractArtifactRepositoryCustomizer> (0x00000000f6437850) thrown at [C:\tmp\build-8-cpu\jdk8u\hotspot\src\share\vm\classfile\systemDictionary.cpp, line 217]
Event: 10.809 Thread 0x0000000018629000 Exception <a 'java/lang/ClassNotFoundException': org/gradle/api/internal/artifacts/repositories/AbstractResolutionAwareArtifactRepositoryCustomizer> (0x00000000f64d5738) thrown at [C:\tmp\build-8-cpu\jdk8u\hotspot\src\share\vm\classfile\systemDictionary.c
Event: 10.810 Thread 0x0000000018629000 Exception <a 'java/lang/ClassNotFoundException': org/gradle/api/internal/artifacts/repositories/AbstractAuthenticationSupportedRepositoryCustomizer> (0x00000000f655a568) thrown at [C:\tmp\build-8-cpu\jdk8u\hotspot\src\share\vm\classfile\systemDictionary.c
Event: 10.813 Thread 0x0000000018629000 Exception <a 'java/lang/ClassNotFoundException': org/gradle/api/internal/artifacts/repositories/DefaultMavenArtifactRepositoryCustomizer> (0x00000000f65e2cf8) thrown at [C:\tmp\build-8-cpu\jdk8u\hotspot\src\share\vm\classfile\systemDictionary.cpp, line 21
Event: 10.815 Thread 0x0000000018629000 Exception <a 'java/lang/ClassNotFoundException': org/gradle/api/internal/artifacts/repositories/DefaultMavenArtifactRepository_DecoratedCustomizer> (0x00000000f667e3d8) thrown at [C:\tmp\build-8-cpu\jdk8u\hotspot\src\share\vm\classfile\systemDictionary.cp
Event: 10.891 Thread 0x0000000018629000 Exception <a 'java/lang/ClassNotFoundException': build_bl0mxegvu47kfz8spp4agovb3BeanInfo> (0x00000000f68376e0) thrown at [C:\tmp\build-8-cpu\jdk8u\hotspot\src\share\vm\classfile\systemDictionary.cpp, line 217]
Event: 10.891 Thread 0x0000000018629000 Exception <a 'java/lang/ClassNotFoundException': build_bl0mxegvu47kfz8spp4agovb3Customizer> (0x00000000f6843ef0) thrown at [C:\tmp\build-8-cpu\jdk8u\hotspot\src\share\vm\classfile\systemDictionary.cpp, line 217]
Event: 12.000 Thread 0x0000000018629000 Implicit null exception at 0x00000000036291dc to 0x000000000362fe6d
Event: 12.001 Thread 0x0000000018629000 Implicit null exception at 0x000000000356c195 to 0x000000000356c47d
Event: 12.116 Thread 0x0000000018629000 Implicit null exception at 0x0000000002d7b0c8 to 0x0000000002d7b631

Events (10 events):
Event: 12.344 loading class com/android/utils/StringHelper
Event: 12.344 loading class com/android/utils/StringHelper done
Event: 12.348 loading class com/android/build/gradle/internal/dependency/RenamedConfigurationAction
Event: 12.348 loading class com/android/build/gradle/internal/dependency/RenamedConfigurationAction done
Event: 12.348 loading class org/gradle/api/artifacts/DependencySet
Event: 12.348 loading class org/gradle/api/artifacts/DependencySet done
Event: 12.356 loading class com/android/build/gradle/internal/DefaultConfigData
Event: 12.356 loading class com/android/build/gradle/internal/DefaultConfigData done
Event: 12.356 loading class com/android/build/gradle/internal/VariantDimensionData
Event: 12.356 loading class com/android/build/gradle/internal/VariantDimensionData done


Dynamic libraries:
0x00007ff681cc0000 - 0x00007ff681cf5000 	C:\Program Files\OpenJDK\openjdk-8u302-b08\bin\java.exe
0x00007ffa41b70000 - 0x00007ffa41d65000 	C:\Windows\SYSTEM32\ntdll.dll
0x00007ffa413a0000 - 0x00007ffa4145d000 	C:\Windows\System32\KERNEL32.DLL
0x00007ffa3f570000 - 0x00007ffa3f839000 	C:\Windows\System32\KERNELBASE.dll
0x00007ffa40940000 - 0x00007ffa409ec000 	C:\Windows\System32\ADVAPI32.dll
0x00007ffa41750000 - 0x00007ffa417ee000 	C:\Windows\System32\msvcrt.dll
0x00007ffa408a0000 - 0x00007ffa4093b000 	C:\Windows\System32\sechost.dll
0x00007ffa417f0000 - 0x00007ffa4191a000 	C:\Windows\System32\RPCRT4.dll
0x00007ffa40580000 - 0x00007ffa40720000 	C:\Windows\System32\USER32.dll
0x00007ffa3f950000 - 0x00007ffa3f972000 	C:\Windows\System32\win32u.dll
0x00007ffa41920000 - 0x00007ffa4194a000 	C:\Windows\System32\GDI32.dll
0x00007ffa3f840000 - 0x00007ffa3f94b000 	C:\Windows\System32\gdi32full.dll
0x00007ffa3f980000 - 0x00007ffa3fa1d000 	C:\Windows\System32\msvcp_win.dll
0x00007ffa3f470000 - 0x00007ffa3f570000 	C:\Windows\System32\ucrtbase.dll
0x00007ffa1cca0000 - 0x00007ffa1cf3a000 	C:\Windows\WinSxS\amd64_microsoft.windows.common-controls_6595b64144ccf1df_6.0.19041.1110_none_60b5254171f9507e\COMCTL32.dll
0x00007ffa41a20000 - 0x00007ffa41a50000 	C:\Windows\System32\IMM32.DLL
0x000000005aac0000 - 0x000000005ab92000 	C:\Program Files\OpenJDK\openjdk-8u302-b08\jre\bin\msvcr100.dll
0x000000005a220000 - 0x000000005aab3000 	C:\Program Files\OpenJDK\openjdk-8u302-b08\jre\bin\server\jvm.dll
0x00007ffa41460000 - 0x00007ffa41468000 	C:\Windows\System32\PSAPI.DLL
0x00007ffa34310000 - 0x00007ffa3431a000 	C:\Windows\SYSTEM32\VERSION.dll
0x00007ffa252f0000 - 0x00007ffa25317000 	C:\Windows\SYSTEM32\WINMM.dll
0x00007ffa37040000 - 0x00007ffa37049000 	C:\Windows\SYSTEM32\WSOCK32.dll
0x00007ffa40eb0000 - 0x00007ffa40f1b000 	C:\Windows\System32\WS2_32.dll
0x00007ffa36ff0000 - 0x00007ffa36fff000 	C:\Program Files\OpenJDK\openjdk-8u302-b08\jre\bin\verify.dll
0x00007ffa165b0000 - 0x00007ffa165d9000 	C:\Program Files\OpenJDK\openjdk-8u302-b08\jre\bin\java.dll
0x00007ffa2ad40000 - 0x00007ffa2ad56000 	C:\Program Files\OpenJDK\openjdk-8u302-b08\jre\bin\zip.dll
0x00007ffa3fe40000 - 0x00007ffa4057f000 	C:\Windows\System32\SHELL32.dll
0x00007ffa3d3c0000 - 0x00007ffa3db51000 	C:\Windows\SYSTEM32\windows.storage.dll
0x00007ffa409f0000 - 0x00007ffa40d45000 	C:\Windows\System32\combase.dll
0x00007ffa3ec50000 - 0x00007ffa3ec7c000 	C:\Windows\SYSTEM32\Wldp.dll
0x00007ffa3fd90000 - 0x00007ffa3fe3e000 	C:\Windows\System32\SHCORE.dll
0x00007ffa3fbe0000 - 0x00007ffa3fc35000 	C:\Windows\System32\shlwapi.dll
0x00007ffa3f1f0000 - 0x00007ffa3f20f000 	C:\Windows\SYSTEM32\profapi.dll
0x00007ffa26f20000 - 0x00007ffa26f3b000 	C:\Program Files\OpenJDK\openjdk-8u302-b08\jre\bin\net.dll
0x00007ffa3e9b0000 - 0x00007ffa3ea1a000 	C:\Windows\system32\mswsock.dll
0x00007ffa1c800000 - 0x00007ffa1c811000 	C:\Program Files\OpenJDK\openjdk-8u302-b08\jre\bin\nio.dll
0x00007ffa16580000 - 0x00007ffa165a7000 	C:\Users\mauro\.gradle\native\fdc75f09e3144964f2cf3f50f0aa648679c211496f362492102eb8c894070792\windows-amd64\native-platform.dll
0x00007ff9efd30000 - 0x00007ff9efec6000 	C:\Users\mauro\.gradle\native\12488b8bf47d2d4c9fbf2f6322a914ad602e24e48041cd04a747c6da556b65c4\windows-amd64\native-platform-file-events.dll
0x00007ffa35490000 - 0x00007ffa3549d000 	C:\Program Files\OpenJDK\openjdk-8u302-b08\jre\bin\management.dll
0x00007ffa3eba0000 - 0x00007ffa3ebb8000 	C:\Windows\SYSTEM32\CRYPTSP.dll
0x00007ffa3e350000 - 0x00007ffa3e384000 	C:\Windows\system32\rsaenh.dll
0x00007ffa3f440000 - 0x00007ffa3f467000 	C:\Windows\System32\bcrypt.dll
0x00007ffa3f1b0000 - 0x00007ffa3f1de000 	C:\Windows\SYSTEM32\USERENV.dll
0x00007ffa3f3b0000 - 0x00007ffa3f433000 	C:\Windows\System32\bcryptprimitives.dll
0x00007ffa3eb90000 - 0x00007ffa3eb9c000 	C:\Windows\SYSTEM32\CRYPTBASE.dll
0x00007ffa3e6a0000 - 0x00007ffa3e6db000 	C:\Windows\SYSTEM32\IPHLPAPI.DLL
0x00007ffa40f20000 - 0x00007ffa40f28000 	C:\Windows\System32\NSI.dll
0x00007ffa32d60000 - 0x00007ffa32d77000 	C:\Windows\SYSTEM32\dhcpcsvc6.DLL
0x00007ffa332c0000 - 0x00007ffa332dd000 	C:\Windows\SYSTEM32\dhcpcsvc.DLL
0x00007ffa3e6e0000 - 0x00007ffa3e7ac000 	C:\Windows\SYSTEM32\DNSAPI.dll
0x00007ffa336f0000 - 0x00007ffa336fb000 	C:\Windows\SYSTEM32\WINNSI.DLL

VM Arguments:
jvm_args: -XX:MaxMetaspaceSize=256m -XX:+HeapDumpOnOutOfMemoryError -Xms256m -Xmx512m -Dfile.encoding=windows-1252 -Duser.country=MX -Duser.language=es -Duser.variant 
java_command: org.gradle.launcher.daemon.bootstrap.GradleDaemon 6.7
java_class_path (initial): C:\Users\mauro\.gradle\wrapper\dists\gradle-6.7-all\cuy9mc7upwgwgeb72wkcrupxe\gradle-6.7\lib\gradle-launcher-6.7.jar
Launcher Type: SUN_STANDARD

Environment Variables:
JAVA_HOME=C:\Program Files\OpenJDK\openjdk-8u302-b08
CLASSPATH=D:\ReactNative\01Counter\android\\gradle\wrapper\gradle-wrapper.jar
USERNAME=mauro
SHELL=C:\Program Files\Git\usr\bin\bash.exe
DISPLAY=needs-to-be-defined
OS=Windows_NT
PROCESSOR_IDENTIFIER=Intel64 Family 6 Model 126 Stepping 5, GenuineIntel



---------------  S Y S T E M  ---------------

OS: Windows 10.0 , 64 bit Build 19041 (10.0.19041.1023)

CPU:total 8 (initial active 8) (4 cores per cpu, 2 threads per core) family 6 model 126 stepping 5, cmov, cx8, fxsr, mmx, sse, sse2, sse3, ssse3, sse4.1, sse4.2, popcnt, avx, avx2, aes, clmul, erms, 3dnowpref, lzcnt, ht, tsc, tscinvbit, bmi1, bmi2, adx

Memory: 4k page, physical 8159224k(153212k free), swap 30828924k(612k free)

vm_info: OpenJDK 64-Bit Server VM (25.302-b08) for windows-amd64 JRE (1.8.0_302-b08), built on Jul 16 2021 12:02:07 by "build" with MS VC++ 10.0 (VS2010)

time: Wed Jul 21 15:48:43 2021
timezone: Hora de verano central (México)
elapsed time: 12.396126 seconds (0d 0h 0m 12s)

